<?xml version="1.0" encoding="UTF-8"?>
<testng-results ignored="0" total="0" passed="0" failed="0" skipped="0">
  <reporter-output>
  </reporter-output>
  <suite started-at="2023-01-03T17:52:12 IST" name="Default suite" finished-at="2023-01-03T17:52:14 IST" duration-ms="1334">
    <groups>
      <group name="cucumber">
        <method signature="AbstractTestNGCucumberTests.runScenario(io.cucumber.testng.PickleWrapper,io.cucumber.testng.FeatureWrapper)[pri:0, instance:runner.runner_Login_1@3c77d488]" name="runScenario" class="io.cucumber.testng.AbstractTestNGCucumberTests"/>
      </group> <!-- cucumber -->
    </groups>
    <test started-at="2023-01-03T17:52:12 IST" name="Default test" finished-at="2023-01-03T17:52:14 IST" duration-ms="1334">
      <class name="runner.runner_Login_1">
        <test-method is-config="true" signature="setUpClass(org.testng.ITestContext)[pri:0, instance:runner.runner_Login_1@3c77d488]" started-at="2023-01-03T17:52:12 IST" name="setUpClass" finished-at="2023-01-03T17:52:13 IST" duration-ms="1198" status="PASS">
          <params>
            <param index="0">
              <value>
                <![CDATA[org.testng.TestRunner@2a551a63]]>
              </value>
            </param>
          </params>
          <reporter-output>
          </reporter-output>
        </test-method> <!-- setUpClass -->
        <test-method is-config="true" signature="tearDownClass()[pri:0, instance:runner.runner_Login_1@3c77d488]" started-at="2023-01-03T17:52:13 IST" name="tearDownClass" finished-at="2023-01-03T17:52:14 IST" duration-ms="71" status="PASS">
          <reporter-output>
          </reporter-output>
        </test-method> <!-- tearDownClass -->
      </class> <!-- runner.runner_Login_1 -->
    </test> <!-- Default test -->
  </suite> <!-- Default suite -->
</testng-results>
